17:26:44 | main                 | INFO    | Output directories created.
17:26:44 | src.dataset          | INFO    | Random seed set to 42 for reproducibility.
17:26:44 | src.model            | INFO    | Using CPU (no GPU detected)
17:26:44 | main                 | INFO    | ============================================================
17:26:44 | main                 | INFO    | PHASE 1: DATASET GENERATION
17:26:44 | main                 | INFO    | ============================================================
17:26:44 | src.dataset          | INFO    | Random seed set to 42 for reproducibility.
17:26:44 | src.dataset          | INFO    | Random seed set to 42 for reproducibility.
17:26:44 | src.dataset          | INFO    | Generated clean dataset: 1000 samples on [-3.0, 3.0]
17:26:44 | src.dataset          | INFO    | Random seed set to 42 for reproducibility.
17:26:44 | src.dataset          | INFO    | Generated noisy dataset: 1000 samples on [-3.0, 3.0], noise_std=0.0500
17:26:44 | src.dataset          | INFO    | Generated both clean and noisy datasets: 1000 samples each, noise_std=0.05
17:26:44 | src.dataset          | INFO    | Dataset saved to data\dataset_clean.npz (1000 samples)
17:26:44 | src.dataset          | INFO    | Dataset saved to data\dataset_noisy.npz (1000 samples)
17:26:44 | src.dataset          | INFO    | Random seed set to 42 for reproducibility.
17:26:44 | src.dataset          | INFO    | Created DataLoaders: train=800 samples, val=200 samples, batch_size=32
17:26:44 | src.dataset          | INFO    | Random seed set to 42 for reproducibility.
17:26:44 | src.dataset          | INFO    | Created DataLoaders: train=800 samples, val=200 samples, batch_size=32
17:26:44 | main                 | INFO    | Clean dataset: 1000 samples
17:26:44 | main                 | INFO    | Noisy dataset: 1000 samples (noise_std=0.05)
17:26:44 | main                 | INFO    | ============================================================
17:26:44 | main                 | INFO    | PHASE 2: NEURAL NETWORK TRAINING
17:26:44 | main                 | INFO    | ============================================================
17:26:44 | main                 | INFO    | ----------------------------------------
17:26:44 | main                 | INFO    | Training Standard NN on clean data...
17:26:44 | main                 | INFO    | ----------------------------------------
17:26:44 | src.dataset          | INFO    | Random seed set to 42 for reproducibility.
17:26:44 | src.model            | INFO    | FunctionApproximator created: [128, 128, 64, 32], activation=relu, params=27,137 (trainable=27,137)
17:26:49 | src.trainer          | INFO    | Trainer initialized: lr=0.001, device=cpu, scheduler=reduce_on_plateau, early_stop_patience=50
17:26:49 | src.trainer          | INFO    | Starting training for 1000 epochs...
17:26:50 | src.trainer          | INFO    | Epoch    1/1000 | Train Loss: 173.553808 | Val Loss: 177.367803 | LR: 1.00e-03 | Time: 0.8s
17:26:58 | src.trainer          | INFO    | Epoch  100/1000 | Train Loss: 0.001660 | Val Loss: 0.003501 | LR: 5.00e-04 | Time: 9.1s
17:27:00 | src.trainer          | INFO    | Early stopping triggered at epoch 115. Best loss: 0.001546 at epoch 65
17:27:00 | src.trainer          | INFO    | Early stopping at epoch 115
17:27:01 | src.trainer          | INFO    | Restored best model from epoch 65
17:27:01 | src.trainer          | INFO    | Training complete in 12.3s. Best val loss: 0.001546 at epoch 65
17:27:01 | src.model            | INFO    | Model saved to models\model_clean.pt
17:27:01 | main                 | INFO    | ----------------------------------------
17:27:01 | main                 | INFO    | Training Standard NN on noisy data...
17:27:01 | main                 | INFO    | ----------------------------------------
17:27:01 | src.dataset          | INFO    | Random seed set to 42 for reproducibility.
17:27:01 | src.model            | INFO    | FunctionApproximator created: [128, 128, 64, 32], activation=relu, params=27,137 (trainable=27,137)
17:27:01 | src.trainer          | INFO    | Trainer initialized: lr=0.001, device=cpu, scheduler=reduce_on_plateau, early_stop_patience=50
17:27:01 | src.trainer          | INFO    | Starting training for 1000 epochs...
17:27:02 | src.trainer          | INFO    | Epoch    1/1000 | Train Loss: 173.533871 | Val Loss: 177.020626 | LR: 1.00e-03 | Time: 0.1s
17:27:10 | src.trainer          | INFO    | Epoch  100/1000 | Train Loss: 0.003961 | Val Loss: 0.004687 | LR: 5.00e-04 | Time: 8.6s
17:27:23 | src.trainer          | INFO    | Epoch  200/1000 | Train Loss: 0.002806 | Val Loss: 0.002963 | LR: 1.25e-04 | Time: 21.1s
17:27:33 | src.trainer          | INFO    | Epoch  300/1000 | Train Loss: 0.002444 | Val Loss: 0.002708 | LR: 1.56e-05 | Time: 31.7s
17:27:44 | src.trainer          | INFO    | Epoch  400/1000 | Train Loss: 0.002357 | Val Loss: 0.002592 | LR: 1.95e-06 | Time: 42.2s
17:27:44 | src.trainer          | INFO    | Early stopping triggered at epoch 406. Best loss: 0.002574 at epoch 356
17:27:44 | src.trainer          | INFO    | Early stopping at epoch 406
17:27:44 | src.trainer          | INFO    | Restored best model from epoch 356
17:27:44 | src.trainer          | INFO    | Training complete in 42.8s. Best val loss: 0.002574 at epoch 356
17:27:45 | src.model            | INFO    | Model saved to models\model_noisy.pt
17:27:45 | main                 | INFO    | ----------------------------------------
17:27:45 | main                 | INFO    | Training Physics-Informed Neural Network...
17:27:45 | main                 | INFO    | ----------------------------------------
17:27:45 | src.dataset          | INFO    | Random seed set to 42 for reproducibility.
17:27:45 | src.model            | INFO    | PINNApproximator created: [128, 128, 64, 32], activation=tanh, params=27,137
17:27:45 | src.trainer          | INFO    | Trainer initialized: lr=0.001, device=cpu, scheduler=reduce_on_plateau, early_stop_patience=50
17:27:45 | src.trainer          | INFO    | PINNTrainer initialized with physics_weight=0.1
17:27:45 | src.trainer          | INFO    | Starting training for 1000 epochs...
17:27:45 | src.trainer          | INFO    | Epoch    1/1000 | Train Loss: 151.941412 | Val Loss: 130.716158 | LR: 1.00e-03 | Time: 0.5s
17:27:58 | src.trainer          | INFO    | Epoch  100/1000 | Train Loss: 1.153310 | Val Loss: 0.212668 | LR: 1.00e-03 | Time: 13.2s
17:28:10 | src.trainer          | INFO    | Epoch  200/1000 | Train Loss: 0.056936 | Val Loss: 0.216266 | LR: 1.00e-03 | Time: 25.4s
17:28:23 | src.trainer          | INFO    | Epoch  300/1000 | Train Loss: 0.000559 | Val Loss: 0.000040 | LR: 1.25e-04 | Time: 38.1s
17:28:35 | src.trainer          | INFO    | Epoch  400/1000 | Train Loss: 0.000333 | Val Loss: 0.000012 | LR: 3.13e-05 | Time: 50.3s
17:28:46 | src.trainer          | INFO    | Early stopping triggered at epoch 487. Best loss: 0.000008 at epoch 437
17:28:46 | src.trainer          | INFO    | Early stopping at epoch 487
17:28:46 | src.trainer          | INFO    | Restored best model from epoch 437
17:28:46 | src.trainer          | INFO    | Training complete in 60.7s. Best val loss: 0.000007 at epoch 437
17:28:46 | src.model            | INFO    | Model saved to models\model_pinn.pt
17:28:46 | main                 | INFO    | ============================================================
17:28:46 | main                 | INFO    | PHASE 3: DERIVATIVE COMPUTATION
17:28:46 | main                 | INFO    | ============================================================
17:28:46 | src.derivatives      | INFO    | AutoDiffCalculator initialized.
17:28:47 | src.derivatives      | INFO    | FiniteDifferenceCalculator initialized with h=1.0e-05
17:28:47 | src.derivatives      | INFO    | All derivatives computed for 1000 points using 4 methods.
17:28:47 | src.derivatives      | INFO    | Derivative comparison completed:
17:28:47 | src.derivatives      | INFO    |   autograd_vs_true: MSE=3.70e-01, MAE=3.27e-01
17:28:47 | src.derivatives      | INFO    |   finite_diff_vs_true: MSE=6.24e-13, MAE=3.58e-07
17:28:47 | src.derivatives      | INFO    |   autograd_vs_finite_diff: MSE=3.70e-01, MAE=3.27e-01
17:28:47 | main                 | INFO    | 
Derivative Comparison Results:
17:28:47 | main                 | INFO    |   autograd_vs_true:
17:28:47 | main                 | INFO    |     mse: 3.697050e-01
17:28:47 | main                 | INFO    |     mae: 3.272328e-01
17:28:47 | main                 | INFO    |     max_error: 7.452564e+00
17:28:47 | main                 | INFO    |     rmse: 6.080337e-01
17:28:47 | main                 | INFO    |   finite_diff_vs_true:
17:28:47 | main                 | INFO    |     mse: 6.241888e-13
17:28:47 | main                 | INFO    |     mae: 3.584225e-07
17:28:47 | main                 | INFO    |     max_error: 3.814697e-06
17:28:47 | main                 | INFO    |     rmse: 7.900562e-07
17:28:47 | main                 | INFO    |   autograd_vs_finite_diff:
17:28:47 | main                 | INFO    |     mse: 3.697049e-01
17:28:47 | main                 | INFO    |     mae: 3.272328e-01
17:28:47 | main                 | INFO    |     max_error: 7.452564e+00
17:28:47 | main                 | INFO    |     rmse: 6.080337e-01
17:28:47 | main                 | INFO    | ============================================================
17:28:47 | main                 | INFO    | PHASE 4: TANGENT LINE COMPUTATION
17:28:47 | main                 | INFO    | ============================================================
17:28:47 | src.tangent          | INFO    | Tangent line computed: y = 0.8207(x - 1.5000) + -0.1275
17:28:47 | src.tangent          | INFO    | True tangent at x0=1.5000: f(x0)=-0.127505, f'(x0)=0.820737
17:28:47 | src.tangent          | INFO    | Tangent line computed: y = 0.9539(x - 1.5000) + -0.1419
17:28:47 | src.tangent          | INFO    | AI tangent at x0=1.5000: f(x0)=-0.141850, f'(x0)=0.953850
17:28:47 | src.tangent          | INFO    | Tangent comparison: slope_error=0.133113, intercept_error=0.214015
17:28:47 | main                 | INFO    | 
============================================================
  Tangent Line Comparison
============================================================
+------------+--------------+------------+-----------+
| Property   |   True Value |   AI Value |     Error |
+============+==============+============+===========+
| Slope      |     0.820737 |    0.95385 |  0.133113 |
+------------+--------------+------------+-----------+
| Intercept  |     -1.35861 |   -1.57263 |  0.214015 |
+------------+--------------+------------+-----------+
| f(x0)      |    -0.127505 |   -0.14185 | 0.0143454 |
+------------+--------------+------------+-----------+
True Equation:  y = 0.8207(x - 1.5000) + -0.1275
AI Equation:    y = 0.9539(x - 1.5000) + -0.1419

17:28:47 | main                 | INFO    | ============================================================
17:28:47 | main                 | INFO    | PHASE 5: PERFORMANCE METRICS
17:28:47 | main                 | INFO    | ============================================================
17:28:47 | src.metrics          | INFO    | All metrics computed: 13 metrics total
17:28:47 | main                 | INFO    | 
==================================================
  Performance Metrics
==================================================
+-------------------------+----------+
| Metric                  |    Value |
+=========================+==========+
| Function MSE            | 0.001131 |
+-------------------------+----------+
| Function MAE            | 0.021618 |
+-------------------------+----------+
| Function RMSE           | 0.033624 |
+-------------------------+----------+
| Function R˛             | 0.999992 |
+-------------------------+----------+
| Function Max Error      | 0.258678 |
+-------------------------+----------+
| Tangent Slope Error     | 0.133113 |
+-------------------------+----------+
| Tangent Intercept Error | 0.214015 |
+-------------------------+----------+
| Tangent Line MSE        | 0.024069 |
+-------------------------+----------+
| Derivative MSE          | 0.369705 |
+-------------------------+----------+
| Derivative MAE          | 0.327233 |
+-------------------------+----------+
| Derivative RMSE         | 0.608034 |
+-------------------------+----------+
| Derivative R˛           | 0.996405 |
+-------------------------+----------+
| Derivative Max Error    |  7.45256 |
+-------------------------+----------+
17:28:47 | src.metrics          | INFO    | Metrics saved to outputs/metrics.json
17:28:47 | main                 | INFO    | ============================================================
17:28:47 | main                 | INFO    | PHASE 6: VISUALIZATION
17:28:47 | main                 | INFO    | ============================================================
17:28:47 | src.visualization    | INFO    | Visualizer initialized. Output dir: figures
17:28:52 | src.visualization    | INFO    | Figure saved: figures\function_approximation.png and figures\function_approximation.pdf
17:28:52 | main                 | INFO    | [OK] Plot 1: Function approximation
17:28:56 | src.visualization    | INFO    | Figure saved: figures\tangent_comparison.png and figures\tangent_comparison.pdf
17:28:56 | main                 | INFO    | [OK] Plot 2: Tangent comparison
17:29:03 | src.visualization    | INFO    | Figure saved: figures\training_loss.png and figures\training_loss.pdf
17:29:03 | main                 | INFO    | [OK] Plot 3: Training loss
17:29:07 | src.visualization    | INFO    | Figure saved: figures\derivative_comparison.png and figures\derivative_comparison.pdf
17:29:07 | main                 | INFO    | [OK] Plot 4: Derivative comparison
17:29:11 | src.visualization    | INFO    | Figure saved: figures\error_analysis.png and figures\error_analysis.pdf
17:29:11 | main                 | INFO    | [OK] Plot 5: Error analysis
17:29:13 | src.visualization    | INFO    | Figure saved: figures\noise_comparison.png and figures\noise_comparison.pdf
17:29:13 | main                 | INFO    | [OK] Plot 6: Noise comparison
17:29:17 | src.visualization    | INFO    | Figure saved: figures\metrics_dashboard.png and figures\metrics_dashboard.pdf
17:29:17 | main                 | INFO    | [OK] Plot 7: Metrics dashboard
17:29:19 | src.visualization    | INFO    | Figure saved: figures\pinn_comparison.png and figures\pinn_comparison.pdf
17:29:20 | main                 | INFO    | [OK] Plot 8: PINN comparison
17:29:20 | main                 | INFO    | All 8 visualizations saved to figures/
17:29:20 | main                 | INFO    | ============================================================
17:29:20 | main                 | INFO    | PHASE 7: IMPLICIT CIRCLE EXPERIMENT
17:29:20 | main                 | INFO    | ============================================================
17:29:20 | src.implicit_curve   | INFO    | ============================================================
17:29:20 | src.implicit_curve   | INFO    | CIRCLE EXPERIMENT: r=5.0, x0=3.0
17:29:20 | src.implicit_curve   | INFO    | ============================================================
17:29:20 | src.implicit_curve   | INFO    | CircleCurve initialized: r=5.0, center=(0.0, 0.0)
17:29:20 | src.implicit_curve   | INFO    | Circle dataset: 500 samples (noise-free)
17:29:20 | src.model            | INFO    | CircleApproximator created: [128, 128, 64, 32], radius=5.0, params=27,137
17:29:20 | src.implicit_curve   | INFO    | CircleTrainer initialized on cpu
17:29:20 | src.implicit_curve   | INFO    | Training circle model: 500 epochs, lr=0.001
17:29:21 | src.implicit_curve   | INFO    | Circle Epoch    1/500 | Train: 12.680261 | Val: 8.759701 | Time: 0.4s
17:29:24 | src.implicit_curve   | INFO    | Circle Epoch  100/500 | Train: 0.015998 | Val: 0.065109 | Time: 3.7s
17:29:28 | src.implicit_curve   | INFO    | Circle Epoch  200/500 | Train: 0.001641 | Val: 0.002878 | Time: 7.5s
17:29:32 | src.implicit_curve   | INFO    | Circle Epoch  300/500 | Train: 0.000728 | Val: 0.001771 | Time: 11.6s
17:29:36 | src.implicit_curve   | INFO    | Circle Epoch  400/500 | Train: 0.000564 | Val: 0.001390 | Time: 15.7s
17:29:40 | src.implicit_curve   | INFO    | Circle Epoch  500/500 | Train: 0.000406 | Val: 0.001313 | Time: 19.9s
17:29:40 | src.implicit_curve   | INFO    | Restored best circle model from epoch 487
17:29:40 | src.implicit_curve   | INFO    | Circle training complete in 19.9s. Best val: 0.001265
17:29:40 | src.implicit_curve   | INFO    | Circle tangent at (3.0000, 4.0000): y = -0.7500(x - 3.0000) + 4.0000
17:29:40 | src.implicit_curve   | INFO    | AI circle tangent at x0=3.0: y0=4.0009, slope=-0.7096
17:29:40 | src.implicit_curve   | INFO    | Circle experiment complete. MSE=5.75e-04, R˛=0.999538
17:29:40 | src.visualization    | INFO    | Visualizer initialized. Output dir: figures
17:29:41 | src.visualization    | INFO    | Figure saved: figures\circle_visualization.png and figures\circle_visualization.pdf
17:29:41 | main                 | INFO    | [OK] Plot: Circle visualization
17:29:45 | src.visualization    | INFO    | Figure saved: figures\implicit_tangent.png and figures\implicit_tangent.pdf
17:29:45 | main                 | INFO    | [OK] Plot: Implicit tangent
17:29:45 | main                 | INFO    | 
Circle Experiment Results:
17:29:45 | main                 | INFO    |   function_mse: 5.753031e-04
17:29:45 | main                 | INFO    |   function_r_squared: 9.995378e-01
17:29:45 | main                 | INFO    |   slope_error: 4.043621e-02
17:29:45 | main                 | INFO    |   true_slope: -7.500000e-01
17:29:45 | main                 | INFO    |   ai_slope: -7.095638e-01
17:29:45 | main                 | INFO    |   true_y0: 4.000000e+00
17:29:45 | main                 | INFO    |   ai_y0: 4.000854e+00
